Running 'gradlew :app:assembleRelease' in /home/expo/workingdir/build/mobile/android
Downloading https://services.gradle.org/distributions/gradle-8.14.3-bin.zip
10%.
20%.
30%.
40%.
50%.
60%
70%.
80%.
90%
100%
Welcome to Gradle 8.14.3!
Here are the highlights of this release:
- Java 24 support
 - GraalVM Native Image toolchain selection
 - Enhancements to test reporting
 - Build Authoring improvements
For more details see https://docs.gradle.org/8.14.3/release-notes.html
To honour the JVM settings for this build a single-use Daemon process will be forked. For more on this, please refer to https://docs.gradle.org/8.14.3/userguide/gradle_daemon.html#sec:disabling_the_daemon in the Gradle documentation.
Daemon will be stopped at the end of the build
> Configure project :expo-gradle-plugin:expo-autolinking-plugin
w: file:///home/expo/workingdir/build/mobile/node_modules/expo-modules-autolinking/android/expo-gradle-plugin/expo-autolinking-plugin/build.gradle.kts:25:3: 'kotlinOptions(KotlinJvmOptionsDeprecated /* = KotlinJvmOptions */.() -> Unit): Unit' is deprecated. Please migrate to the compilerOptions DSL. More details are here: https://kotl.in/u1r8ln
> Configure project :expo-gradle-plugin:expo-autolinking-settings-plugin
w: file:///home/expo/workingdir/build/mobile/node_modules/expo-modules-autolinking/android/expo-gradle-plugin/expo-autolinking-settings-plugin/build.gradle.kts:30:3: 'kotlinOptions(KotlinJvmOptionsDeprecated /* = KotlinJvmOptions */.() -> Unit): Unit' is deprecated. Please migrate to the compilerOptions DSL. More details are here: https://kotl.in/u1r8ln
> Task :gradle-plugin:settings-plugin:checkKotlinGradlePluginConfigurationErrors SKIPPED
> Task :gradle-plugin:shared:checkKotlinGradlePluginConfigurationErrors SKIPPED
> Task :expo-gradle-plugin:expo-autolinking-plugin-shared:checkKotlinGradlePluginConfigurationErrors SKIPPED
> Task :expo-gradle-plugin:expo-autolinking-settings-plugin:checkKotlinGradlePluginConfigurationErrors SKIPPED
> Task :expo-gradle-plugin:expo-autolinking-settings-plugin:pluginDescriptors
> Task :gradle-plugin:settings-plugin:pluginDescriptors
> Task :expo-gradle-plugin:expo-autolinking-settings-plugin:processResources
> Task :gradle-plugin:settings-plugin:processResources
> Task :gradle-plugin:shared:processResources NO-SOURCE
> Task :expo-gradle-plugin:expo-autolinking-plugin-shared:processResources NO-SOURCE
> Task :gradle-plugin:shared:compileKotlin
> Task :gradle-plugin:shared:compileJava NO-SOURCE
> Task :gradle-plugin:shared:classes UP-TO-DATE
> Task :gradle-plugin:shared:jar
> Task :expo-gradle-plugin:expo-autolinking-plugin-shared:compileKotlin
> Task :expo-gradle-plugin:expo-autolinking-plugin-shared:compileJava NO-SOURCE
> Task :expo-gradle-plugin:expo-autolinking-plugin-shared:classes UP-TO-DATE
> Task :expo-gradle-plugin:expo-autolinking-plugin-shared:jar
> Task :gradle-plugin:settings-plugin:compileKotlin
> Task :gradle-plugin:settings-plugin:compileJava NO-SOURCE
> Task :gradle-plugin:settings-plugin:classes
> Task :gradle-plugin:settings-plugin:jar
> Task :expo-gradle-plugin:expo-autolinking-settings-plugin:compileKotlin
> Task :expo-gradle-plugin:expo-autolinking-settings-plugin:compileJava NO-SOURCE
> Task :expo-gradle-plugin:expo-autolinking-settings-plugin:classes
> Task :expo-gradle-plugin:expo-autolinking-settings-plugin:jar
> Configure project :expo-module-gradle-plugin
w: file:///home/expo/workingdir/build/mobile/node_modules/expo-modules-core/expo-module-gradle-plugin/build.gradle.kts:58:3: 'kotlinOptions(KotlinJvmOptionsDeprecated /* = KotlinJvmOptions */.() -> Unit): Unit' is deprecated. Please migrate to the compilerOptions DSL. More details are here: https://kotl.in/u1r8ln
> Task :expo-gradle-plugin:expo-autolinking-plugin:checkKotlinGradlePluginConfigurationErrors SKIPPED
> Task :expo-module-gradle-plugin:checkKotlinGradlePluginConfigurationErrors SKIPPED
> Task :gradle-plugin:react-native-gradle-plugin:checkKotlinGradlePluginConfigurationErrors SKIPPED
> Task :expo-module-gradle-plugin:pluginDescriptors
> Task :expo-module-gradle-plugin:processResources
> Task :expo-gradle-plugin:expo-autolinking-plugin:pluginDescriptors
> Task :expo-gradle-plugin:expo-autolinking-plugin:processResources
> Task :gradle-plugin:react-native-gradle-plugin:pluginDescriptors
> Task :gradle-plugin:react-native-gradle-plugin:processResources
> Task :expo-gradle-plugin:expo-autolinking-plugin:compileKotlin
> Task :expo-gradle-plugin:expo-autolinking-plugin:compileJava NO-SOURCE
> Task :expo-gradle-plugin:expo-autolinking-plugin:classes
> Task :expo-gradle-plugin:expo-autolinking-plugin:jar
> Task :gradle-plugin:react-native-gradle-plugin:compileKotlin
> Task :gradle-plugin:react-native-gradle-plugin:compileJava NO-SOURCE
> Task :gradle-plugin:react-native-gradle-plugin:classes
> Task :gradle-plugin:react-native-gradle-plugin:jar
> Task :expo-module-gradle-plugin:compileKotlin
w: file:///home/expo/workingdir/build/mobile/node_modules/expo-modules-core/expo-module-gradle-plugin/src/main/kotlin/expo/modules/plugin/android/AndroidLibraryExtension.kt:9:24 'var targetSdk: Int?' is deprecated. Will be removed from library DSL in v9.0. Use testOptions.targetSdk or/and lint.targetSdk instead.
> Task :expo-module-gradle-plugin:compileJava NO-SOURCE
> Task :expo-module-gradle-plugin:classes
> Task :expo-module-gradle-plugin:jar
> Configure project :
[32m[ExpoRootProject][0m Using the following versions:
  - buildTools:  [32m36.0.0[0m
  - minSdk:      [32m24[0m
  - compileSdk:  [32m36[0m
  - targetSdk:   [32m36[0m
  - ndk:         [32m27.1.12297006[0m
  - kotlin:      [32m2.1.20[0m
  - ksp:         [32m2.1.20-2.0.1[0m
> Configure project :expo
Using expo modules
- [32mexpo-constants[0m (18.0.9)
  - [32mexpo-modules-core[0m (3.0.21)
  - [33m[ðŸ“¦][0m [32mexpo-application[0m (7.0.7)
  - [33m[ðŸ“¦][0m [32mexpo-asset[0m (12.0.9)
  - [33m[ðŸ“¦][0m [32mexpo-av[0m (16.0.7)
  - [33m[ðŸ“¦][0m [32mexpo-blur[0m (15.0.7)
  - [33m[ðŸ“¦][0m [32mexpo-camera[0m (17.0.8)
  - [33m[ðŸ“¦][0m [32mexpo-device[0m (8.0.9)
  - [33m[ðŸ“¦][0m [32mexpo-file-system[0m (19.0.17)
  - [33m[ðŸ“¦][0m [32mexpo-font[0m (14.0.9)
  - [33m[ðŸ“¦][0m [32mexpo-gl[0m (16.0.7)
- [33m[ðŸ“¦][0m [32mexpo-image-loader[0m (6.0.0)
  - [33m[ðŸ“¦][0m [32mexpo-image-manipulator[0m (14.0.7)
  - [33m[ðŸ“¦][0m [32mexpo-image-picker[0m (17.0.8)
  - [33m[ðŸ“¦][0m [32mexpo-intent-launcher[0m (13.0.7)
  - [33m[ðŸ“¦][0m [32mexpo-keep-awake[0m (15.0.7)
  - [33m[ðŸ“¦][0m [32mexpo-linear-gradient[0m (15.0.7)
  - [33m[ðŸ“¦][0m [32mexpo-notifications[0m (0.32.12)
  - [33m[ðŸ“¦][0m [32mexpo-secure-store[0m (15.0.7)
Checking the license for package Android SDK Build-Tools 36 in /home/expo/Android/Sdk/licenses
License for package Android SDK Build-Tools 36 accepted.
Preparing "Install Android SDK Build-Tools 36 v.36.0.0".
"Install Android SDK Build-Tools 36 v.36.0.0" ready.
Installing Android SDK Build-Tools 36 in /home/expo/Android/Sdk/build-tools/36.0.0
"Install Android SDK Build-Tools 36 v.36.0.0" complete.
"Install Android SDK Build-Tools 36 v.36.0.0" finished.
[=========                              ] 25%                                   [=========                              ] 25% Fetch remote repository...        [=======================================] 100% Fetch remote repository...
[Incubating] Problems report is available at: file:///home/expo/workingdir/build/mobile/android/build/reports/problems/problems-report.html
FAILURE: Build failed with an exception.
* What went wrong:
Could not determine the dependencies of task ':react-native-onesignal:generateReleaseLintModel'.
> Could not resolve all dependencies for configuration ':react-native-onesignal:releaseRuntimeClasspath'.
   > Could not resolve androidx.appcompat:appcompat:{require [1.0.0, 1.3.99]; prefer 1.3.1}.
     Required by:
         project :react-native-onesignal > com.onesignal:OneSignal:5.1.35 > com.onesignal:core:5.1.35
      > Failed to list versions for androidx.appcompat:appcompat.
         > Unable to load Maven meta-data from https://www.jitpack.io/androidx/appcompat/appcompat/maven-metadata.xml.
            > Could not GET 'https://www.jitpack.io/androidx/appcompat/appcompat/maven-metadata.xml'. Received status code 500 from server: Internal Server Error
* Try:
> Run with --stacktrace option to get the stack trace.
> Run with --info or
--debug option to get more log output.
> Run with --scan to get full insights.
> Get more help at https://help.gradle.org.
BUILD FAILED in 2m 19s
Deprecated Gradle features were used in this build, making it incompatible with Gradle 9.0.
You can use '--warning-mode all' to show the individual deprecation warnings and determine if they come from your own scripts or plugins.
For more on this, please refer to https://docs.gradle.org/8.14.3/userguide/command_line_interface.html#sec:command_line_warnings in the Gradle documentation.
24 actionable tasks: 24 executed
Error: Gradle build failed with unknown error. See logs for the "Run gradlew" phase for more information.